app/build/intermediates/manifest_merge_blame_file/debug/processDebugMainManifest/manifest-merger-blame-debug-report.txt
1<?xml version="1.0" encoding="utf-8"?>
2<manifest xmlns:android="http://schemas.android.com/apk/res/android"
3    package="com.company.app.debug"
4    android:versionCode="1"
5    android:versionName="1.0-debug" >
6
7    <uses-sdk
8        android:minSdkVersion="26"
9        android:targetSdkVersion="35" />
10
11    <!-- ========= REQUIRED PERMISSIONS ========= -->
12    <uses-permission android:name="android.permission.RECORD_AUDIO" />
12-->src\main\AndroidManifest.xml:5:5-71
12-->src\main\AndroidManifest.xml:5:22-68
13    <uses-permission android:name="android.permission.READ_PHONE_STATE" />
13-->src\main\AndroidManifest.xml:6:5-75
13-->src\main\AndroidManifest.xml:6:22-72
14    <uses-permission android:name="android.permission.POST_NOTIFICATIONS" />
14-->src\main\AndroidManifest.xml:7:5-77
14-->src\main\AndroidManifest.xml:7:22-74
15    <uses-permission android:name="android.permission.SYSTEM_ALERT_WINDOW" />
15-->src\main\AndroidManifest.xml:8:5-78
15-->src\main\AndroidManifest.xml:8:22-75
16    <uses-permission android:name="android.permission.BIND_ACCESSIBILITY_SERVICE" />
16-->src\main\AndroidManifest.xml:9:5-85
16-->src\main\AndroidManifest.xml:9:22-82
17    <uses-permission android:name="android.permission.BIND_NOTIFICATION_LISTENER_SERVICE" />
17-->src\main\AndroidManifest.xml:10:5-93
17-->src\main\AndroidManifest.xml:10:22-90
18    <uses-permission android:name="android.permission.MODIFY_AUDIO_SETTINGS" />
18-->src\main\AndroidManifest.xml:11:5-80
18-->src\main\AndroidManifest.xml:11:22-77
19
20    <!-- Android 13+ new foreground service types -->
21    <uses-permission android:name="android.permission.FOREGROUND_SERVICE_MEDIA_PROJECTION" />
21-->src\main\AndroidManifest.xml:14:5-94
21-->src\main\AndroidManifest.xml:14:22-91
22    <uses-permission android:name="android.permission.FOREGROUND_SERVICE_MICROPHONE" />
22-->src\main\AndroidManifest.xml:15:5-88
22-->src\main\AndroidManifest.xml:15:22-85
23
24    <!-- Internet for signaling / future features -->
25    <uses-permission android:name="android.permission.ACCESS_NETWORK_STATE" />
25-->src\main\AndroidManifest.xml:18:5-79
25-->src\main\AndroidManifest.xml:18:22-76
26    <uses-permission android:name="android.permission.INTERNET" />
26-->src\main\AndroidManifest.xml:19:5-67
26-->src\main\AndroidManifest.xml:19:22-64
27    <uses-permission android:name="android.permission.WAKE_LOCK" />
27-->[androidx.work:work-runtime:2.9.1] AndroidManifest.xml:23:5-68
27-->[androidx.work:work-runtime:2.9.1] AndroidManifest.xml:23:22-65
28    <uses-permission android:name="android.permission.RECEIVE_BOOT_COMPLETED" />
28-->[androidx.work:work-runtime:2.9.1] AndroidManifest.xml:25:5-81
28-->[androidx.work:work-runtime:2.9.1] AndroidManifest.xml:25:22-78
29    <uses-permission android:name="android.permission.FOREGROUND_SERVICE" />
29-->[androidx.work:work-runtime:2.9.1] AndroidManifest.xml:26:5-77
29-->[androidx.work:work-runtime:2.9.1] AndroidManifest.xml:26:22-74
30
31    <permission
31-->[androidx.core:core:1.13.1] AndroidManifest.xml:22:5-24:47
32        android:name="com.company.app.debug.DYNAMIC_RECEIVER_NOT_EXPORTED_PERMISSION"
32-->[androidx.core:core:1.13.1] AndroidManifest.xml:23:9-81
33        android:protectionLevel="signature" />
33-->[androidx.core:core:1.13.1] AndroidManifest.xml:24:9-44
34
35    <uses-permission android:name="com.company.app.debug.DYNAMIC_RECEIVER_NOT_EXPORTED_PERMISSION" />
35-->[androidx.core:core:1.13.1] AndroidManifest.xml:26:5-97
35-->[androidx.core:core:1.13.1] AndroidManifest.xml:26:22-94
36
37    <application
37-->src\main\AndroidManifest.xml:21:5-80:19
38        android:name="com.company.app.App"
38-->src\main\AndroidManifest.xml:22:9-28
39        android:allowBackup="true"
39-->src\main\AndroidManifest.xml:23:9-35
40        android:appComponentFactory="androidx.core.app.CoreComponentFactory"
40-->[androidx.core:core:1.13.1] AndroidManifest.xml:28:18-86
41        android:dataExtractionRules="@xml/data_extraction_rules"
41-->src\main\AndroidManifest.xml:24:9-65
42        android:debuggable="true"
43        android:extractNativeLibs="false"
44        android:fullBackupContent="@xml/backup_rules"
44-->src\main\AndroidManifest.xml:25:9-54
45        android:icon="@mipmap/ic_launcher"
45-->src\main\AndroidManifest.xml:26:9-43
46        android:label="360 Connect"
46-->src\main\AndroidManifest.xml:27:9-36
47        android:roundIcon="@mipmap/ic_launcher_round"
47-->src\main\AndroidManifest.xml:28:9-54
48        android:supportsRtl="true"
48-->src\main\AndroidManifest.xml:29:9-35
49        android:testOnly="true"
50        android:theme="@style/Theme.ThreeSixZeroConnect" >
50-->src\main\AndroidManifest.xml:30:9-57
51
52        <!-- ================== MAIN ACTIVITY ================== -->
53        <activity
53-->src\main\AndroidManifest.xml:33:9-41:20
54            android:name="com.company.app.presentation.MainActivity"
54-->src\main\AndroidManifest.xml:34:13-69
55            android:exported="true"
55-->src\main\AndroidManifest.xml:35:13-36
56            android:theme="@style/Theme.ThreeSixZeroConnect" >
56-->src\main\AndroidManifest.xml:36:13-61
57            <intent-filter>
57-->src\main\AndroidManifest.xml:37:13-40:29
58                <action android:name="android.intent.action.MAIN" />
58-->src\main\AndroidManifest.xml:38:17-69
58-->src\main\AndroidManifest.xml:38:25-66
59
60                <category android:name="android.intent.category.LAUNCHER" />
60-->src\main\AndroidManifest.xml:39:17-77
60-->src\main\AndroidManifest.xml:39:27-74
61            </intent-filter>
62        </activity>
63
64        <!-- ================== CALL RECORDING SERVICE ================== -->
65        <service
65-->src\main\AndroidManifest.xml:44:9-47:74
66            android:name="com.company.app.platform.recording.CallRecordingService"
66-->src\main\AndroidManifest.xml:45:13-83
67            android:exported="false"
67-->src\main\AndroidManifest.xml:46:13-37
68            android:foregroundServiceType="mediaProjection|microphone" />
68-->src\main\AndroidManifest.xml:47:13-71
69
70        <!-- ================== ACCESSIBILITY CALL DETECTOR ================== -->
71        <service
71-->src\main\AndroidManifest.xml:50:9-57:19
72            android:name="com.company.app.platform.call.CallDetectionService"
72-->src\main\AndroidManifest.xml:51:13-78
73            android:exported="false"
73-->src\main\AndroidManifest.xml:53:13-37
74            android:permission="android.permission.BIND_ACCESSIBILITY_SERVICE" >
74-->src\main\AndroidManifest.xml:52:13-79
75            <meta-data
75-->src\main\AndroidManifest.xml:54:13-56:70
76                android:name="android.accessibilityservice"
76-->src\main\AndroidManifest.xml:55:17-60
77                android:resource="@xml/call_accessibility_service" />
77-->src\main\AndroidManifest.xml:56:17-67
78        </service>
79
80        <!-- ================== NOTIFICATION LISTENER ================== -->
81        <service
81-->src\main\AndroidManifest.xml:60:9-67:19
82            android:name="com.company.app.platform.call.CallNotificationListenerService"
82-->src\main\AndroidManifest.xml:61:13-89
83            android:exported="false"
83-->src\main\AndroidManifest.xml:63:13-37
84            android:permission="android.permission.BIND_NOTIFICATION_LISTENER_SERVICE" >
84-->src\main\AndroidManifest.xml:62:13-87
85            <intent-filter>
85-->src\main\AndroidManifest.xml:64:13-66:29
86                <action android:name="android.service.notification.NotificationListenerService" />
86-->src\main\AndroidManifest.xml:65:17-99
86-->src\main\AndroidManifest.xml:65:25-96
87            </intent-filter>
88        </service>
89
90        <!-- ================== VOIP (future, safe to keep) ================== -->
91        <service
91-->src\main\AndroidManifest.xml:70:9-72:40
92            android:name="com.company.app.platform.call.VoipSignalingService"
92-->src\main\AndroidManifest.xml:71:13-78
93            android:exported="false" />
93-->src\main\AndroidManifest.xml:72:13-37
94
95        <!-- ================== IN-CALL SERVICE (Android Telecom API) ================== -->
96        <service
96-->src\main\AndroidManifest.xml:75:9-78:40
97            android:name="com.company.app.presentation.call.InCallService"
97-->src\main\AndroidManifest.xml:76:13-75
98            android:exported="false"
98-->src\main\AndroidManifest.xml:78:13-37
99            android:permission="android.permission.BIND_INCALL_SERVICE" />
99-->src\main\AndroidManifest.xml:77:13-72
100
101        <activity
101-->[androidx.compose.ui:ui-tooling-android:1.7.2] AndroidManifest.xml:23:9-25:39
102            android:name="androidx.compose.ui.tooling.PreviewActivity"
102-->[androidx.compose.ui:ui-tooling-android:1.7.2] AndroidManifest.xml:24:13-71
103            android:exported="true" />
103-->[androidx.compose.ui:ui-tooling-android:1.7.2] AndroidManifest.xml:25:13-36
104
105        <provider
105-->[androidx.work:work-runtime:2.9.1] AndroidManifest.xml:29:9-37:20
106            android:name="androidx.startup.InitializationProvider"
106-->[androidx.work:work-runtime:2.9.1] AndroidManifest.xml:30:13-67
107            android:authorities="com.company.app.debug.androidx-startup"
107-->[androidx.work:work-runtime:2.9.1] AndroidManifest.xml:31:13-68
108            android:exported="false" >
108-->[androidx.work:work-runtime:2.9.1] AndroidManifest.xml:32:13-37
109            <meta-data
109-->[androidx.work:work-runtime:2.9.1] AndroidManifest.xml:34:13-36:52
110                android:name="androidx.work.WorkManagerInitializer"
110-->[androidx.work:work-runtime:2.9.1] AndroidManifest.xml:35:17-68
111                android:value="androidx.startup" />
111-->[androidx.work:work-runtime:2.9.1] AndroidManifest.xml:36:17-49
112            <meta-data
112-->[androidx.emoji2:emoji2:1.3.0] AndroidManifest.xml:29:13-31:52
113                android:name="androidx.emoji2.text.EmojiCompatInitializer"
113-->[androidx.emoji2:emoji2:1.3.0] AndroidManifest.xml:30:17-75
114                android:value="androidx.startup" />
114-->[androidx.emoji2:emoji2:1.3.0] AndroidManifest.xml:31:17-49
115            <meta-data
115-->[androidx.lifecycle:lifecycle-process:2.8.6] AndroidManifest.xml:29:13-31:52
116                android:name="androidx.lifecycle.ProcessLifecycleInitializer"
116-->[androidx.lifecycle:lifecycle-process:2.8.6] AndroidManifest.xml:30:17-78
117                android:value="androidx.startup" />
117-->[androidx.lifecycle:lifecycle-process:2.8.6] AndroidManifest.xml:31:17-49
118            <meta-data
118-->[androidx.profileinstaller:profileinstaller:1.3.1] AndroidManifest.xml:29:13-31:52
119                android:name="androidx.profileinstaller.ProfileInstallerInitializer"
119-->[androidx.profileinstaller:profileinstaller:1.3.1] AndroidManifest.xml:30:17-85
120                android:value="androidx.startup" />
120-->[androidx.profileinstaller:profileinstaller:1.3.1] AndroidManifest.xml:31:17-49
121        </provider>
122
123        <service
123-->[androidx.work:work-runtime:2.9.1] AndroidManifest.xml:39:9-45:35
124            android:name="androidx.work.impl.background.systemalarm.SystemAlarmService"
124-->[androidx.work:work-runtime:2.9.1] AndroidManifest.xml:40:13-88
125            android:directBootAware="false"
125-->[androidx.work:work-runtime:2.9.1] AndroidManifest.xml:41:13-44
126            android:enabled="@bool/enable_system_alarm_service_default"
126-->[androidx.work:work-runtime:2.9.1] AndroidManifest.xml:42:13-72
127            android:exported="false" />
127-->[androidx.work:work-runtime:2.9.1] AndroidManifest.xml:43:13-37
128        <service
128-->[androidx.work:work-runtime:2.9.1] AndroidManifest.xml:46:9-52:35
129            android:name="androidx.work.impl.background.systemjob.SystemJobService"
129-->[androidx.work:work-runtime:2.9.1] AndroidManifest.xml:47:13-84
130            android:directBootAware="false"
130-->[androidx.work:work-runtime:2.9.1] AndroidManifest.xml:48:13-44
131            android:enabled="@bool/enable_system_job_service_default"
131-->[androidx.work:work-runtime:2.9.1] AndroidManifest.xml:49:13-70
132            android:exported="true"
132-->[androidx.work:work-runtime:2.9.1] AndroidManifest.xml:50:13-36
133            android:permission="android.permission.BIND_JOB_SERVICE" />
133-->[androidx.work:work-runtime:2.9.1] AndroidManifest.xml:51:13-69
134        <service
134-->[androidx.work:work-runtime:2.9.1] AndroidManifest.xml:53:9-59:35
135            android:name="androidx.work.impl.foreground.SystemForegroundService"
135-->[androidx.work:work-runtime:2.9.1] AndroidManifest.xml:54:13-81
136            android:directBootAware="false"
136-->[androidx.work:work-runtime:2.9.1] AndroidManifest.xml:55:13-44
137            android:enabled="@bool/enable_system_foreground_service_default"
137-->[androidx.work:work-runtime:2.9.1] AndroidManifest.xml:56:13-77
138            android:exported="false" />
138-->[androidx.work:work-runtime:2.9.1] AndroidManifest.xml:57:13-37
139
140        <receiver
140-->[androidx.work:work-runtime:2.9.1] AndroidManifest.xml:61:9-66:35
141            android:name="androidx.work.impl.utils.ForceStopRunnable$BroadcastReceiver"
141-->[androidx.work:work-runtime:2.9.1] AndroidManifest.xml:62:13-88
142            android:directBootAware="false"
142-->[androidx.work:work-runtime:2.9.1] AndroidManifest.xml:63:13-44
143            android:enabled="true"
143-->[androidx.work:work-runtime:2.9.1] AndroidManifest.xml:64:13-35
144            android:exported="false" />
144-->[androidx.work:work-runtime:2.9.1] AndroidManifest.xml:65:13-37
145        <receiver
145-->[androidx.work:work-runtime:2.9.1] AndroidManifest.xml:67:9-77:20
146            android:name="androidx.work.impl.background.systemalarm.ConstraintProxy$BatteryChargingProxy"
146-->[androidx.work:work-runtime:2.9.1] AndroidManifest.xml:68:13-106
147            android:directBootAware="false"
147-->[androidx.work:work-runtime:2.9.1] AndroidManifest.xml:69:13-44
148            android:enabled="false"
148-->[androidx.work:work-runtime:2.9.1] AndroidManifest.xml:70:13-36
149            android:exported="false" >
149-->[androidx.work:work-runtime:2.9.1] AndroidManifest.xml:71:13-37
150            <intent-filter>
150-->[androidx.work:work-runtime:2.9.1] AndroidManifest.xml:73:13-76:29
151                <action android:name="android.intent.action.ACTION_POWER_CONNECTED" />
151-->[androidx.work:work-runtime:2.9.1] AndroidManifest.xml:74:17-87
151-->[androidx.work:work-runtime:2.9.1] AndroidManifest.xml:74:25-84
152                <action android:name="android.intent.action.ACTION_POWER_DISCONNECTED" />
152-->[androidx.work:work-runtime:2.9.1] AndroidManifest.xml:75:17-90
152-->[androidx.work:work-runtime:2.9.1] AndroidManifest.xml:75:25-87
153            </intent-filter>
154        </receiver>
155        <receiver
155-->[androidx.work:work-runtime:2.9.1] AndroidManifest.xml:78:9-88:20
156            android:name="androidx.work.impl.background.systemalarm.ConstraintProxy$BatteryNotLowProxy"
156-->[androidx.work:work-runtime:2.9.1] AndroidManifest.xml:79:13-104
157            android:directBootAware="false"
157-->[androidx.work:work-runtime:2.9.1] AndroidManifest.xml:80:13-44
158            android:enabled="false"
158-->[androidx.work:work-runtime:2.9.1] AndroidManifest.xml:81:13-36
159            android:exported="false" >
159-->[androidx.work:work-runtime:2.9.1] AndroidManifest.xml:82:13-37
160            <intent-filter>
160-->[androidx.work:work-runtime:2.9.1] AndroidManifest.xml:84:13-87:29
161                <action android:name="android.intent.action.BATTERY_OKAY" />
161-->[androidx.work:work-runtime:2.9.1] AndroidManifest.xml:85:17-77
161-->[androidx.work:work-runtime:2.9.1] AndroidManifest.xml:85:25-74
162                <action android:name="android.intent.action.BATTERY_LOW" />
162-->[androidx.work:work-runtime:2.9.1] AndroidManifest.xml:86:17-76
162-->[androidx.work:work-runtime:2.9.1] AndroidManifest.xml:86:25-73
163            </intent-filter>
164        </receiver>
165        <receiver
165-->[androidx.work:work-runtime:2.9.1] AndroidManifest.xml:89:9-99:20
166            android:name="androidx.work.impl.background.systemalarm.ConstraintProxy$StorageNotLowProxy"
166-->[androidx.work:work-runtime:2.9.1] AndroidManifest.xml:90:13-104
167            android:directBootAware="false"
167-->[androidx.work:work-runtime:2.9.1] AndroidManifest.xml:91:13-44
168            android:enabled="false"
168-->[androidx.work:work-runtime:2.9.1] AndroidManifest.xml:92:13-36
169            android:exported="false" >
169-->[androidx.work:work-runtime:2.9.1] AndroidManifest.xml:93:13-37
170            <intent-filter>
170-->[androidx.work:work-runtime:2.9.1] AndroidManifest.xml:95:13-98:29
171                <action android:name="android.intent.action.DEVICE_STORAGE_LOW" />
171-->[androidx.work:work-runtime:2.9.1] AndroidManifest.xml:96:17-83
171-->[androidx.work:work-runtime:2.9.1] AndroidManifest.xml:96:25-80
172                <action android:name="android.intent.action.DEVICE_STORAGE_OK" />
172-->[androidx.work:work-runtime:2.9.1] AndroidManifest.xml:97:17-82
172-->[androidx.work:work-runtime:2.9.1] AndroidManifest.xml:97:25-79
173            </intent-filter>
174        </receiver>
175        <receiver
175-->[androidx.work:work-runtime:2.9.1] AndroidManifest.xml:100:9-109:20
176            android:name="androidx.work.impl.background.systemalarm.ConstraintProxy$NetworkStateProxy"
176-->[androidx.work:work-runtime:2.9.1] AndroidManifest.xml:101:13-103
177            android:directBootAware="false"
177-->[androidx.work:work-runtime:2.9.1] AndroidManifest.xml:102:13-44
178            android:enabled="false"
178-->[androidx.work:work-runtime:2.9.1] AndroidManifest.xml:103:13-36
179            android:exported="false" >
179-->[androidx.work:work-runtime:2.9.1] AndroidManifest.xml:104:13-37
180            <intent-filter>
180-->[androidx.work:work-runtime:2.9.1] AndroidManifest.xml:106:13-108:29
181                <action android:name="android.net.conn.CONNECTIVITY_CHANGE" />
181-->[androidx.work:work-runtime:2.9.1] AndroidManifest.xml:107:17-79
181-->[androidx.work:work-runtime:2.9.1] AndroidManifest.xml:107:25-76
182            </intent-filter>
183        </receiver>
184        <receiver
184-->[androidx.work:work-runtime:2.9.1] AndroidManifest.xml:110:9-121:20
185            android:name="androidx.work.impl.background.systemalarm.RescheduleReceiver"
185-->[androidx.work:work-runtime:2.9.1] AndroidManifest.xml:111:13-88
186            android:directBootAware="false"
186-->[androidx.work:work-runtime:2.9.1] AndroidManifest.xml:112:13-44
187            android:enabled="false"
187-->[androidx.work:work-runtime:2.9.1] AndroidManifest.xml:113:13-36
188            android:exported="false" >
188-->[androidx.work:work-runtime:2.9.1] AndroidManifest.xml:114:13-37
189            <intent-filter>
189-->[androidx.work:work-runtime:2.9.1] AndroidManifest.xml:116:13-120:29
190                <action android:name="android.intent.action.BOOT_COMPLETED" />
190-->[androidx.work:work-runtime:2.9.1] AndroidManifest.xml:117:17-79
190-->[androidx.work:work-runtime:2.9.1] AndroidManifest.xml:117:25-76
191                <action android:name="android.intent.action.TIME_SET" />
191-->[androidx.work:work-runtime:2.9.1] AndroidManifest.xml:118:17-73
191-->[androidx.work:work-runtime:2.9.1] AndroidManifest.xml:118:25-70
192                <action android:name="android.intent.action.TIMEZONE_CHANGED" />
192-->[androidx.work:work-runtime:2.9.1] AndroidManifest.xml:119:17-81
192-->[androidx.work:work-runtime:2.9.1] AndroidManifest.xml:119:25-78
193            </intent-filter>
194        </receiver>
195        <receiver
195-->[androidx.work:work-runtime:2.9.1] AndroidManifest.xml:122:9-131:20
196            android:name="androidx.work.impl.background.systemalarm.ConstraintProxyUpdateReceiver"
196-->[androidx.work:work-runtime:2.9.1] AndroidManifest.xml:123:13-99
197            android:directBootAware="false"
197-->[androidx.work:work-runtime:2.9.1] AndroidManifest.xml:124:13-44
198            android:enabled="@bool/enable_system_alarm_service_default"
198-->[androidx.work:work-runtime:2.9.1] AndroidManifest.xml:125:13-72
199            android:exported="false" >
199-->[androidx.work:work-runtime:2.9.1] AndroidManifest.xml:126:13-37
200            <intent-filter>
200-->[androidx.work:work-runtime:2.9.1] AndroidManifest.xml:128:13-130:29
201                <action android:name="androidx.work.impl.background.systemalarm.UpdateProxies" />
201-->[androidx.work:work-runtime:2.9.1] AndroidManifest.xml:129:17-98
201-->[androidx.work:work-runtime:2.9.1] AndroidManifest.xml:129:25-95
202            </intent-filter>
203        </receiver>
204        <receiver
204-->[androidx.work:work-runtime:2.9.1] AndroidManifest.xml:132:9-142:20
205            android:name="androidx.work.impl.diagnostics.DiagnosticsReceiver"
205-->[androidx.work:work-runtime:2.9.1] AndroidManifest.xml:133:13-78
206            android:directBootAware="false"
206-->[androidx.work:work-runtime:2.9.1] AndroidManifest.xml:134:13-44
207            android:enabled="true"
207-->[androidx.work:work-runtime:2.9.1] AndroidManifest.xml:135:13-35
208            android:exported="true"
208-->[androidx.work:work-runtime:2.9.1] AndroidManifest.xml:136:13-36
209            android:permission="android.permission.DUMP" >
209-->[androidx.work:work-runtime:2.9.1] AndroidManifest.xml:137:13-57
210            <intent-filter>
210-->[androidx.work:work-runtime:2.9.1] AndroidManifest.xml:139:13-141:29
211                <action android:name="androidx.work.diagnostics.REQUEST_DIAGNOSTICS" />
211-->[androidx.work:work-runtime:2.9.1] AndroidManifest.xml:140:17-88
211-->[androidx.work:work-runtime:2.9.1] AndroidManifest.xml:140:25-85
212            </intent-filter>
213        </receiver>
214
215        <uses-library
215-->[androidx.window:window:1.0.0] AndroidManifest.xml:25:9-27:40
216            android:name="androidx.window.extensions"
216-->[androidx.window:window:1.0.0] AndroidManifest.xml:26:13-54
217            android:required="false" />
217-->[androidx.window:window:1.0.0] AndroidManifest.xml:27:13-37
218        <uses-library
218-->[androidx.window:window:1.0.0] AndroidManifest.xml:28:9-30:40
219            android:name="androidx.window.sidecar"
219-->[androidx.window:window:1.0.0] AndroidManifest.xml:29:13-51
220            android:required="false" />
220-->[androidx.window:window:1.0.0] AndroidManifest.xml:30:13-37
221
222        <activity
222-->[androidx.compose.ui:ui-test-manifest:1.7.2] AndroidManifest.xml:23:9-25:39
223            android:name="androidx.activity.ComponentActivity"
223-->[androidx.compose.ui:ui-test-manifest:1.7.2] AndroidManifest.xml:24:13-63
224            android:exported="true" />
224-->[androidx.compose.ui:ui-test-manifest:1.7.2] AndroidManifest.xml:25:13-36
225
226        <service
226-->[androidx.room:room-runtime:2.6.1] AndroidManifest.xml:24:9-28:63
227            android:name="androidx.room.MultiInstanceInvalidationService"
227-->[androidx.room:room-runtime:2.6.1] AndroidManifest.xml:25:13-74
228            android:directBootAware="true"
228-->[androidx.room:room-runtime:2.6.1] AndroidManifest.xml:26:13-43
229            android:exported="false" />
229-->[androidx.room:room-runtime:2.6.1] AndroidManifest.xml:27:13-37
230
231        <receiver
231-->[androidx.profileinstaller:profileinstaller:1.3.1] AndroidManifest.xml:34:9-52:20
232            android:name="androidx.profileinstaller.ProfileInstallReceiver"
232-->[androidx.profileinstaller:profileinstaller:1.3.1] AndroidManifest.xml:35:13-76
233            android:directBootAware="false"
233-->[androidx.profileinstaller:profileinstaller:1.3.1] AndroidManifest.xml:36:13-44
234            android:enabled="true"
234-->[androidx.profileinstaller:profileinstaller:1.3.1] AndroidManifest.xml:37:13-35
235            android:exported="true"
235-->[androidx.profileinstaller:profileinstaller:1.3.1] AndroidManifest.xml:38:13-36
236            android:permission="android.permission.DUMP" >
236-->[androidx.profileinstaller:profileinstaller:1.3.1] AndroidManifest.xml:39:13-57
237            <intent-filter>
237-->[androidx.profileinstaller:profileinstaller:1.3.1] AndroidManifest.xml:40:13-42:29
238                <action android:name="androidx.profileinstaller.action.INSTALL_PROFILE" />
238-->[androidx.profileinstaller:profileinstaller:1.3.1] AndroidManifest.xml:41:17-91
238-->[androidx.profileinstaller:profileinstaller:1.3.1] AndroidManifest.xml:41:25-88
239            </intent-filter>
240            <intent-filter>
240-->[androidx.profileinstaller:profileinstaller:1.3.1] AndroidManifest.xml:43:13-45:29
241                <action android:name="androidx.profileinstaller.action.SKIP_FILE" />
241-->[androidx.profileinstaller:profileinstaller:1.3.1] AndroidManifest.xml:44:17-85
241-->[androidx.profileinstaller:profileinstaller:1.3.1] AndroidManifest.xml:44:25-82
242            </intent-filter>
243            <intent-filter>
243-->[androidx.profileinstaller:profileinstaller:1.3.1] AndroidManifest.xml:46:13-48:29
244                <action android:name="androidx.profileinstaller.action.SAVE_PROFILE" />
244-->[androidx.profileinstaller:profileinstaller:1.3.1] AndroidManifest.xml:47:17-88
244-->[androidx.profileinstaller:profileinstaller:1.3.1] AndroidManifest.xml:47:25-85
245            </intent-filter>
246            <intent-filter>
246-->[androidx.profileinstaller:profileinstaller:1.3.1] AndroidManifest.xml:49:13-51:29
247                <action android:name="androidx.profileinstaller.action.BENCHMARK_OPERATION" />
247-->[androidx.profileinstaller:profileinstaller:1.3.1] AndroidManifest.xml:50:17-95
247-->[androidx.profileinstaller:profileinstaller:1.3.1] AndroidManifest.xml:50:25-92
248            </intent-filter>
249        </receiver>
250    </application>
251
252</manifest>